<?xml version="1.0" encoding="UTF-8"?>
<!-- Generated by org.testng.reporters.JUnitReportReporter -->
<testsuite hostname="ARPGL006736" failures="0" tests="1" name="com.tests.TC_Verify_AddToCart" time="15.312" errors="0" timestamp="31 Jan 2022 18:41:16 GMT" skipped="0">
  <testcase classname="com.tests.TC_Verify_AddToCart" name="f" time="15.312"/>
</testsuite> <!-- com.tests.TC_Verify_AddToCart -->
